\BOOKMARK [1][-]{section.1}{\376\377\000I\000n\000t\000r\000o\000d\000u\000c\000t\000i\000o\000n}{}% 1
\BOOKMARK [2][-]{subsection.1.1}{\376\377\000P\000r\000o\000b\000l\000e\000m\000\040\000B\000a\000c\000k\000g\000r\000o\000u\000n\000d}{section.1}% 2
\BOOKMARK [2][-]{subsection.1.2}{\376\377\000R\000e\000s\000t\000a\000t\000e\000m\000e\000n\000t\000\040\000o\000f\000\040\000t\000h\000e\000\040\000P\000r\000o\000b\000l\000e\000m}{section.1}% 3
\BOOKMARK [2][-]{subsection.1.3}{\376\377\000O\000u\000r\000\040\000W\000o\000r\000k}{section.1}% 4
\BOOKMARK [1][-]{section.2}{\376\377\000A\000s\000s\000u\000m\000p\000t\000i\000o\000n\000s\000\040\000a\000n\000d\000\040\000N\000o\000t\000a\000t\000i\000o\000n\000s}{}% 5
\BOOKMARK [2][-]{subsection.2.1}{\376\377\000A\000s\000s\000u\000m\000p\000t\000i\000o\000n\000s}{section.2}% 6
\BOOKMARK [2][-]{subsection.2.2}{\376\377\000N\000o\000t\000a\000t\000i\000o\000n\000s}{section.2}% 7
\BOOKMARK [1][-]{section.3}{\376\377\000M\000o\000d\000e\000l\000\040\000I\000:\000\040\000X\000X\000X\000X\000X\000X}{}% 8
\BOOKMARK [2][-]{subsection.3.1}{\376\377\000F\000a\000c\000t\000o\000r\000s\000/\000D\000e\000v\000e\000l\000o\000p\000m\000e\000n\000t\000\040\000o\000f\000\040\000t\000h\000e\000\040\000m\000o\000d\000e\000l}{section.3}% 9
\BOOKMARK [3][-]{subsubsection.3.1.1}{\376\377\000M\000o\000r\000e\000\040\000S\000u\000b\000-\000d\000e\000t\000a\000i\000l\000s\000\040\000I}{subsection.3.1}% 10
\BOOKMARK [3][-]{subsubsection.3.1.2}{\376\377\000M\000o\000r\000e\000\040\000S\000u\000b\000-\000d\000e\000t\000a\000i\000l\000s\000\040\000I\000I}{subsection.3.1}% 11
\BOOKMARK [2][-]{subsection.3.2}{\376\377\000F\000a\000c\000t\000o\000r\000s\000/\000D\000e\000v\000e\000l\000o\000p\000m\000e\000n\000t\000\040\000o\000f\000\040\000t\000h\000e\000\040\000m\000o\000d\000e\000l}{section.3}% 12
\BOOKMARK [2][-]{subsection.3.3}{\376\377\000F\000a\000c\000t\000o\000r\000s\000/\000D\000e\000v\000e\000l\000o\000p\000m\000e\000n\000t\000\040\000o\000f\000\040\000t\000h\000e\000\040\000m\000o\000d\000e\000l}{section.3}% 13
\BOOKMARK [1][-]{section.4}{\376\377\000M\000o\000d\000e\000l\000\040\000I\000I\000:\000\040\000X\000X\000X\000X\000X\000X}{}% 14
\BOOKMARK [2][-]{subsection.4.1}{\376\377\000F\000a\000c\000t\000o\000r\000s\000/\000D\000e\000v\000e\000l\000o\000p\000m\000e\000n\000t\000\040\000o\000f\000\040\000t\000h\000e\000\040\000m\000o\000d\000e\000l}{section.4}% 15
\BOOKMARK [3][-]{subsubsection.4.1.1}{\376\377\000M\000o\000r\000e\000\040\000S\000u\000b\000-\000d\000e\000t\000a\000i\000l\000s\000\040\000I}{subsection.4.1}% 16
\BOOKMARK [3][-]{subsubsection.4.1.2}{\376\377\000M\000o\000r\000e\000\040\000S\000u\000b\000-\000d\000e\000t\000a\000i\000l\000s\000\040\000I\000I}{subsection.4.1}% 17
\BOOKMARK [2][-]{subsection.4.2}{\376\377\000F\000a\000c\000t\000o\000r\000s\000/\000D\000e\000v\000e\000l\000o\000p\000m\000e\000n\000t\000\040\000o\000f\000\040\000t\000h\000e\000\040\000m\000o\000d\000e\000l}{section.4}% 18
\BOOKMARK [2][-]{subsection.4.3}{\376\377\000F\000a\000c\000t\000o\000r\000s\000/\000D\000e\000v\000e\000l\000o\000p\000m\000e\000n\000t\000\040\000o\000f\000\040\000t\000h\000e\000\040\000m\000o\000d\000e\000l}{section.4}% 19
\BOOKMARK [1][-]{section.5}{\376\377\000A\000p\000p\000l\000i\000c\000a\000t\000i\000o\000n\000\040\000o\000f\000\040\000M\000o\000d\000e\000l\000s}{}% 20
\BOOKMARK [1][-]{section.6}{\376\377\000S\000e\000n\000s\000i\000t\000i\000v\000i\000t\000y\000\040\000A\000n\000a\000l\000y\000s\000i\000s}{}% 21
\BOOKMARK [1][-]{section.7}{\376\377\000M\000o\000d\000e\000l\000\040\000E\000v\000a\000l\000u\000a\000t\000i\000o\000n\000\040\000a\000n\000d\000\040\000F\000u\000r\000t\000h\000e\000r\000\040\000D\000i\000s\000c\000u\000s\000s\000i\000o\000n}{}% 22
\BOOKMARK [2][-]{subsection.7.1}{\376\377\000S\000t\000r\000e\000n\000g\000t\000h\000s}{section.7}% 23
\BOOKMARK [2][-]{subsection.7.2}{\376\377\000W\000e\000a\000k\000n\000e\000s\000s}{section.7}% 24
\BOOKMARK [2][-]{subsection.7.3}{\376\377\000F\000u\000r\000t\000h\000e\000r\000\040\000D\000i\000s\000c\000u\000s\000s\000i\000o\000n}{section.7}% 25
\BOOKMARK [1][-]{section.8}{\376\377\000N\000e\000w\000s\000p\000a\000p\000e\000r\000\040\000A\000r\000t\000i\000c\000a\000l\000/\000F\000l\000y\000e\000r\000/\000M\000a\000g\000a\000z\000i\000n\000e}{}% 26
\BOOKMARK [1][-]{section*.2}{\376\377\000A\000p\000p\000e\000n\000d\000i\000c\000e\000s}{}% 27
\BOOKMARK [1][-]{appendix.1.A}{\376\377\000A\000p\000p\000e\000n\000d\000i\000x\000\040\000F\000i\000r\000s\000t\000\040\000a\000p\000p\000e\000n\000d\000i\000x}{}% 28
